2024-12-14 09:50:27,660 [INFO] Activator:176 - 


2024-12-14 09:50:27,664 [INFO] Activator:177 - !SESSION log4j initialized
2024-12-14 09:50:38,543 [INFO] LogOutputStream:77 - [STDOUT_REDIRECT] 
2024-12-14 09:50:40,195 [INFO] ApplicationProperties:184 - Using Application install path: C:\ST\STM32CubeIDE_1.12.0\STM32CubeIDE\plugins\com.st.stm32cube.common.mx_6.13.0.202411220809
2024-12-14 09:50:40,212 [INFO] DbMcusXml:78 - Set database path to: C:\ST\STM32CubeIDE_1.12.0\STM32CubeIDE\plugins\com.st.stm32cube.common.mx_6.13.0.202411220809\\db\/mcu/
2024-12-14 09:50:40,212 [INFO] ApiDb:274 - Set plugin database path to: C:\ST\STM32CubeIDE_1.12.0\STM32CubeIDE\plugins\com.st.stm32cube.common.mx_6.13.0.202411220809\\db\/plugins/boardmanager/
2024-12-14 09:50:40,212 [WARN] ApiDb:259 - Overriding images path with different value:  => C:\ST\STM32CubeIDE_1.12.0\STM32CubeIDE\plugins\com.st.stm32cube.common.mx_6.13.0.202411220809\\db\/plugins/mcufinder/images/
2024-12-14 09:50:40,225 [INFO] ApiDb:250 - Set database path to: C:\Users\erthi\.stmcufinder\plugins\mcufinder//mcu/
2024-12-14 09:50:40,227 [INFO] DbMcusAds:125 - Set database path to: C:\Users\erthi\.stmcufinder\plugins\mcufinder//mcu/
2024-12-14 09:50:40,230 [INFO] CrossReferenceDbSqlite:203 - Set database path to: C:\Users\erthi\.stmcufinder\plugins\mcufinder//mcu/cs/
2024-12-14 09:50:40,332 [INFO] RulesReader:64 - Compatibility file has been processed (297 Rules)
2024-12-14 09:50:40,411 [INFO] DbMcusXml:78 - Set database path to: C:\ST\STM32CubeIDE_1.12.0\STM32CubeIDE\plugins\com.st.stm32cube.common.mx_6.13.0.202411220809\\db\/mcu/
2024-12-14 09:50:40,411 [INFO] ApiDb:274 - Set plugin database path to: C:\ST\STM32CubeIDE_1.12.0\STM32CubeIDE\plugins\com.st.stm32cube.common.mx_6.13.0.202411220809\\db\/plugins/boardmanager/
2024-12-14 09:50:40,411 [INFO] ApiDb:261 - Set plugin images path to: C:\ST\STM32CubeIDE_1.12.0\STM32CubeIDE\plugins\com.st.stm32cube.common.mx_6.13.0.202411220809\\db\/plugins/mcufinder/images/
2024-12-14 09:50:40,411 [WARN] DbFile:41 - Overriding database path with different value: C:\Users\erthi\.stmcufinder\plugins\mcufinder/ => C:\Users\erthi\.stmcufinder\plugins\mcufinder
2024-12-14 09:50:40,412 [INFO] ApiDb:250 - Set database path to: C:\Users\erthi\.stmcufinder\plugins\mcufinder//mcu/
2024-12-14 09:50:40,412 [WARN] DbFile:41 - Overriding database path with different value: C:\Users\erthi\.stmcufinder\plugins\mcufinder/ => C:\Users\erthi\.stmcufinder\plugins\mcufinder
2024-12-14 09:50:40,412 [INFO] DbMcusAds:125 - Set database path to: C:\Users\erthi\.stmcufinder\plugins\mcufinder//mcu/
2024-12-14 09:50:40,412 [WARN] DbFile:41 - Overriding database path with different value: C:\Users\erthi\.stmcufinder\plugins\mcufinder/ => C:\Users\erthi\.stmcufinder\plugins\mcufinder
2024-12-14 09:50:40,412 [WARN] DbFile:41 - Overriding database path with different value: C:\Users\erthi\.stmcufinder\plugins\mcufinder/ => C:\Users\erthi\.stmcufinder\plugins\mcufinder
2024-12-14 09:50:40,412 [INFO] CrossReferenceDbSqlite:203 - Set database path to: C:\Users\erthi\.stmcufinder\plugins\mcufinder//mcu/cs/
2024-12-14 09:50:40,480 [INFO] MainPanel:272 - HeapMemory: 268435456
2024-12-14 09:50:40,586 [INFO] DbMcusXml:78 - Set database path to: C:\ST\STM32CubeIDE_1.12.0\STM32CubeIDE\plugins\com.st.stm32cube.common.mx_6.13.0.202411220809\\db\/mcu/
2024-12-14 09:50:40,587 [INFO] ApiDb:274 - Set plugin database path to: C:\ST\STM32CubeIDE_1.12.0\STM32CubeIDE\plugins\com.st.stm32cube.common.mx_6.13.0.202411220809\\db\/plugins/boardmanager/
2024-12-14 09:50:40,587 [INFO] ApiDb:261 - Set plugin images path to: C:\ST\STM32CubeIDE_1.12.0\STM32CubeIDE\plugins\com.st.stm32cube.common.mx_6.13.0.202411220809\\db\/plugins/mcufinder/images/
2024-12-14 09:50:40,587 [WARN] DbFile:41 - Overriding database path with different value: C:\Users\erthi\.stmcufinder\plugins\mcufinder/ => C:\Users\erthi\.stmcufinder\plugins\mcufinder
2024-12-14 09:50:40,587 [INFO] ApiDb:250 - Set database path to: C:\Users\erthi\.stmcufinder\plugins\mcufinder//mcu/
2024-12-14 09:50:40,587 [WARN] DbFile:41 - Overriding database path with different value: C:\Users\erthi\.stmcufinder\plugins\mcufinder/ => C:\Users\erthi\.stmcufinder\plugins\mcufinder
2024-12-14 09:50:40,587 [INFO] DbMcusAds:125 - Set database path to: C:\Users\erthi\.stmcufinder\plugins\mcufinder//mcu/
2024-12-14 09:50:40,587 [WARN] DbFile:41 - Overriding database path with different value: C:\Users\erthi\.stmcufinder\plugins\mcufinder/ => C:\Users\erthi\.stmcufinder\plugins\mcufinder
2024-12-14 09:50:40,587 [WARN] DbFile:41 - Overriding database path with different value: C:\Users\erthi\.stmcufinder\plugins\mcufinder/ => C:\Users\erthi\.stmcufinder\plugins\mcufinder
2024-12-14 09:50:40,587 [INFO] CrossReferenceDbSqlite:203 - Set database path to: C:\Users\erthi\.stmcufinder\plugins\mcufinder//mcu/cs/
2024-12-14 09:50:40,605 [INFO] ApplicationProperties:184 - Using Application install path: C:\ST\STM32CubeIDE_1.12.0\STM32CubeIDE\plugins\com.st.stm32cube.common.mx_6.13.0.202411220809
2024-12-14 09:50:40,607 [INFO] PluginManage:196 - Search for loadable plugins [exclusion list=, ]
2024-12-14 09:50:40,608 [INFO] PluginManage:310 - Check plugin analytics
2024-12-14 09:50:40,954 [INFO] AnalyticsPlugin:253 - Accepted Software Licenses: STM32CubeMX.6.6.1,STM32CubeMX.6.9.1,STM32CubeMX.6.9.2,STM32CubeMX.6.10.0
2024-12-14 09:50:40,954 [INFO] AnalyticsPlugin:255 - Accepted CMSIS Pack Licenses: Infineon.Connectivity-STM32.1.1.0,Infineon.Connectivity-STM32.1.2.0,EdgeImpulse.raja92-project-1.1.0.4,STMicroelectronics.X-CUBE-TOUCHGFX.4.22.0
2024-12-14 09:50:40,954 [INFO] AnalyticsPlugin:257 - Accepted Firmware Licenses: FW.F4.1.27.0,FW.H7.1.10.0,FW.F7.1.17.0,FW.F4.1.28.0,FW.H7.1.11.0
2024-12-14 09:50:40,959 [INFO] PluginManage:359 - Loaded plugin analytics (category:tool,tabindex:-1)
2024-12-14 09:50:40,959 [INFO] PluginManage:310 - Check plugin cadmodel
2024-12-14 09:50:40,990 [INFO] CADModel:105 - Init CAD model plugin
2024-12-14 09:50:40,990 [INFO] PluginManage:359 - Loaded plugin cadmodel (category:power,tabindex:5)
2024-12-14 09:50:40,990 [INFO] PluginManage:310 - Check plugin clock
2024-12-14 09:50:41,019 [INFO] PluginManage:359 - Loaded plugin clock (category:base,tabindex:2)
2024-12-14 09:50:41,019 [INFO] PluginManage:310 - Check plugin ddr
2024-12-14 09:50:41,024 [INFO] PluginManage:359 - Loaded plugin ddr (category:tool,tabindex:6)
2024-12-14 09:50:41,024 [INFO] PluginManage:310 - Check plugin filemanager
2024-12-14 09:50:41,216 [INFO] PluginManage:359 - Loaded plugin filemanager (category:base,tabindex:10)
2024-12-14 09:50:41,216 [INFO] PluginManage:310 - Check plugin ipmanager
2024-12-14 09:50:41,225 [INFO] PluginManage:359 - Loaded plugin ipmanager (category:base,tabindex:5)
2024-12-14 09:50:41,225 [INFO] PluginManage:310 - Check plugin lpbam
2024-12-14 09:50:41,250 [INFO] PluginManage:359 - Loaded plugin lpbam (category:base,tabindex:0)
2024-12-14 09:50:41,250 [INFO] PluginManage:310 - Check plugin memorymap
2024-12-14 09:50:41,282 [INFO] PluginManage:359 - Loaded plugin memorymap (category:base,tabindex:4)
2024-12-14 09:50:41,282 [INFO] PluginManage:310 - Check plugin pinoutandconfiguration
2024-12-14 09:50:41,305 [INFO] PluginManage:359 - Loaded plugin pinoutandconfiguration (category:base,tabindex:1)
2024-12-14 09:50:41,305 [INFO] PluginManage:310 - Check plugin pinoutconfig
2024-12-14 09:50:41,514 [WARN] SupportedApi:132 - Cannot load RTOS API schema: s4s-elt-must-match.1: The content of 'definitions' must match (annotation?, (simpleType | complexType)?, (unique | key | keyref)*)). A problem was found starting at: attribute.
2024-12-14 09:50:41,695 [INFO] PluginManage:359 - Loaded plugin pinoutconfig (category:base,tabindex:0)
2024-12-14 09:50:41,695 [INFO] PluginManage:310 - Check plugin power
2024-12-14 09:50:41,718 [INFO] PluginManage:359 - Loaded plugin power (category:power,tabindex:4)
2024-12-14 09:50:41,719 [INFO] PluginManage:310 - Check plugin projectmanager
2024-12-14 09:50:41,734 [INFO] PluginManage:359 - Loaded plugin projectmanager (category:projectmanager,tabindex:4)
2024-12-14 09:50:41,734 [INFO] PluginManage:310 - Check plugin rif
2024-12-14 09:50:41,753 [INFO] PluginManage:359 - Loaded plugin rif (category:base,tabindex:3)
2024-12-14 09:50:41,753 [INFO] PluginManage:310 - Check plugin thirdparty
2024-12-14 09:50:42,033 [INFO] PluginManage:359 - Loaded plugin thirdparty (category:base,tabindex:-1)
2024-12-14 09:50:42,033 [WARN] IntegrityCheckThread:84 - waiting for thirdparty lock release [integrity check]
2024-12-14 09:50:42,033 [INFO] PluginManage:310 - Check plugin tools
2024-12-14 09:50:42,033 [INFO] IntegrityCheckThread:86 - entering critical section [integrity check]
2024-12-14 09:50:42,033 [INFO] ThirdPartyUpdaterWithRetryManager:70 - Updater plugin not ready yet. [1/15]
2024-12-14 09:50:42,070 [INFO] PluginManage:359 - Loaded plugin tools (category:base,tabindex:7)
2024-12-14 09:50:42,070 [INFO] PluginManage:310 - Check plugin tutovideos
2024-12-14 09:50:42,246 [INFO] PluginManage:359 - Loaded plugin tutovideos (category:base,tabindex:-1)
2024-12-14 09:50:42,246 [INFO] PluginManage:310 - Check plugin updater
2024-12-14 09:50:42,265 [INFO] PluginManage:359 - Loaded plugin updater (category:base,tabindex:12)
2024-12-14 09:50:42,265 [INFO] PluginManage:310 - Check plugin userauth
2024-12-14 09:50:42,269 [INFO] UserAuth:118 - Init User Auth plugin
2024-12-14 09:50:42,269 [INFO] PluginManage:359 - Loaded plugin userauth (category:base,tabindex:14)
2024-12-14 09:50:42,270 [INFO] PluginManage:283 - PluginManage : Loaded plugins [18]
2024-12-14 09:50:42,483 [INFO] PinOutPanel:1589 - setPackage(No Configuration,No Configuration)
2024-12-14 09:50:42,561 [INFO] CADModel:165 - CPN selected for project level
2024-12-14 09:50:42,562 [INFO] CADModel:114 - Register for checkConnection events
2024-12-14 09:50:42,587 [INFO] IPUIPlugin:80 - create IPUIPlugin
2024-12-14 09:50:42,587 [INFO] PluginManager:220 - loadIPPluginJar : add adc
2024-12-14 09:50:42,629 [INFO] IPUIPlugin:80 - create IPUIPlugin
2024-12-14 09:50:42,630 [INFO] PluginManager:220 - loadIPPluginJar : add aes
2024-12-14 09:50:42,671 [INFO] IPUIPlugin:80 - create IPUIPlugin
2024-12-14 09:50:42,671 [INFO] PluginManager:220 - loadIPPluginJar : add can
2024-12-14 09:50:42,695 [INFO] IPUIPlugin:80 - create IPUIPlugin
2024-12-14 09:50:42,695 [INFO] PluginManager:220 - loadIPPluginJar : add comp
2024-12-14 09:50:42,726 [INFO] IPUIPlugin:80 - create IPUIPlugin
2024-12-14 09:50:42,726 [INFO] PluginManager:220 - loadIPPluginJar : add cryp
2024-12-14 09:50:42,750 [INFO] IPUIPlugin:80 - create IPUIPlugin
2024-12-14 09:50:42,751 [INFO] PluginManager:220 - loadIPPluginJar : add ddr_ctrl_phy
2024-12-14 09:50:42,780 [INFO] IPUIPlugin:80 - create IPUIPlugin
2024-12-14 09:50:42,780 [INFO] PluginManager:220 - loadIPPluginJar : add dfsdm
2024-12-14 09:50:42,793 [INFO] IPUIPlugin:80 - create IPUIPlugin
2024-12-14 09:50:42,793 [INFO] PluginManager:220 - loadIPPluginJar : add dma
2024-12-14 09:50:42,829 [INFO] IPUIPlugin:80 - create IPUIPlugin
2024-12-14 09:50:42,829 [INFO] PluginManager:220 - loadIPPluginJar : add dma3
2024-12-14 09:50:42,870 [INFO] IPUIPlugin:80 - create IPUIPlugin
2024-12-14 09:50:42,870 [INFO] PluginManager:220 - loadIPPluginJar : add extmemmanager
2024-12-14 09:50:42,888 [INFO] IPUIPlugin:80 - create IPUIPlugin
2024-12-14 09:50:42,889 [INFO] PluginManager:220 - loadIPPluginJar : add fatfs
2024-12-14 09:50:42,937 [INFO] IPUIPlugin:80 - create IPUIPlugin
2024-12-14 09:50:42,937 [INFO] PluginManager:220 - loadIPPluginJar : add fmc
2024-12-14 09:50:42,950 [INFO] IPUIPlugin:80 - create IPUIPlugin
2024-12-14 09:50:42,950 [INFO] PluginManager:220 - loadIPPluginJar : add freertos
2024-12-14 09:50:42,969 [INFO] IPUIPlugin:80 - create IPUIPlugin
2024-12-14 09:50:42,969 [INFO] PluginManager:220 - loadIPPluginJar : add genericplugin
2024-12-14 09:50:43,057 [INFO] IPUIPlugin:80 - create IPUIPlugin
2024-12-14 09:50:43,057 [INFO] PluginManager:220 - loadIPPluginJar : add gfxmmu
2024-12-14 09:50:43,180 [INFO] IPUIPlugin:80 - create IPUIPlugin
2024-12-14 09:50:43,180 [INFO] PluginManager:220 - loadIPPluginJar : add gic
2024-12-14 09:50:43,195 [INFO] IPUIPlugin:80 - create IPUIPlugin
2024-12-14 09:50:43,195 [INFO] PluginManager:220 - loadIPPluginJar : add gpio
2024-12-14 09:50:43,286 [INFO] IPUIPlugin:80 - create IPUIPlugin
2024-12-14 09:50:43,287 [INFO] PluginManager:220 - loadIPPluginJar : add gtzc
2024-12-14 09:50:43,323 [INFO] IPUIPlugin:80 - create IPUIPlugin
2024-12-14 09:50:43,323 [INFO] PluginManager:220 - loadIPPluginJar : add hash
2024-12-14 09:50:43,382 [INFO] IPUIPlugin:80 - create IPUIPlugin
2024-12-14 09:50:43,382 [INFO] PluginManager:220 - loadIPPluginJar : add i2c
2024-12-14 09:50:43,425 [INFO] IPUIPlugin:80 - create IPUIPlugin
2024-12-14 09:50:43,426 [INFO] PluginManager:220 - loadIPPluginJar : add i2s
2024-12-14 09:50:43,473 [INFO] IPUIPlugin:80 - create IPUIPlugin
2024-12-14 09:50:43,473 [INFO] PluginManager:220 - loadIPPluginJar : add i3c
2024-12-14 09:50:43,606 [INFO] IPUIPlugin:80 - create IPUIPlugin
2024-12-14 09:50:43,606 [INFO] PluginManager:220 - loadIPPluginJar : add ipddr
2024-12-14 09:50:43,720 [INFO] IPUIPlugin:80 - create IPUIPlugin
2024-12-14 09:50:43,720 [INFO] PluginManager:220 - loadIPPluginJar : add linkedlist
2024-12-14 09:50:43,752 [INFO] IPUIPlugin:80 - create IPUIPlugin
2024-12-14 09:50:43,752 [INFO] PluginManager:220 - loadIPPluginJar : add lorawan
2024-12-14 09:50:43,789 [INFO] IPUIPlugin:80 - create IPUIPlugin
2024-12-14 09:50:43,789 [INFO] PluginManager:220 - loadIPPluginJar : add ltdc
2024-12-14 09:50:43,802 [INFO] IPUIPlugin:80 - create IPUIPlugin
2024-12-14 09:50:43,803 [INFO] PluginManager:220 - loadIPPluginJar : add mdma
2024-12-14 09:50:43,815 [INFO] IPUIPlugin:80 - create IPUIPlugin
2024-12-14 09:50:43,816 [INFO] PluginManager:220 - loadIPPluginJar : add nvic
2024-12-14 09:50:43,852 [INFO] IPUIPlugin:80 - create IPUIPlugin
2024-12-14 09:50:43,852 [INFO] PluginManager:220 - loadIPPluginJar : add opamp
2024-12-14 09:50:43,909 [INFO] IPUIPlugin:80 - create IPUIPlugin
2024-12-14 09:50:43,909 [INFO] PluginManager:220 - loadIPPluginJar : add openamp
2024-12-14 09:50:43,951 [INFO] IPUIPlugin:80 - create IPUIPlugin
2024-12-14 09:50:43,951 [INFO] PluginManager:220 - loadIPPluginJar : add pdm2pcm
2024-12-14 09:50:43,966 [INFO] IPUIPlugin:80 - create IPUIPlugin
2024-12-14 09:50:43,967 [INFO] PluginManager:220 - loadIPPluginJar : add plateformsettings
2024-12-14 09:50:43,991 [INFO] IPUIPlugin:80 - create IPUIPlugin
2024-12-14 09:50:43,991 [INFO] PluginManager:220 - loadIPPluginJar : add quadspi
2024-12-14 09:50:44,020 [INFO] IPUIPlugin:80 - create IPUIPlugin
2024-12-14 09:50:44,020 [INFO] PluginManager:220 - loadIPPluginJar : add radio
2024-12-14 09:50:44,034 [INFO] IPUIPlugin:80 - create IPUIPlugin
2024-12-14 09:50:44,034 [INFO] PluginManager:220 - loadIPPluginJar : add resmgrutility
2024-12-14 09:50:44,083 [INFO] IPUIPlugin:80 - create IPUIPlugin
2024-12-14 09:50:44,085 [INFO] PluginManager:220 - loadIPPluginJar : add sai
2024-12-14 09:50:44,121 [INFO] IPUIPlugin:80 - create IPUIPlugin
2024-12-14 09:50:44,121 [INFO] PluginManager:220 - loadIPPluginJar : add spi
2024-12-14 09:50:44,188 [INFO] IPUIPlugin:80 - create IPUIPlugin
2024-12-14 09:50:44,188 [INFO] PluginManager:220 - loadIPPluginJar : add stm32_wpan
2024-12-14 09:50:44,214 [INFO] IPUIPlugin:80 - create IPUIPlugin
2024-12-14 09:50:44,214 [INFO] PluginManager:220 - loadIPPluginJar : add tim
2024-12-14 09:50:44,270 [INFO] IPUIPlugin:80 - create IPUIPlugin
2024-12-14 09:50:44,270 [INFO] PluginManager:220 - loadIPPluginJar : add touchsensing
2024-12-14 09:50:44,291 [INFO] IPUIPlugin:80 - create IPUIPlugin
2024-12-14 09:50:44,291 [INFO] PluginManager:220 - loadIPPluginJar : add tracer_emb
2024-12-14 09:50:44,319 [INFO] IPUIPlugin:80 - create IPUIPlugin
2024-12-14 09:50:44,320 [INFO] PluginManager:220 - loadIPPluginJar : add ts
2024-12-14 09:50:44,343 [INFO] IPUIPlugin:80 - create IPUIPlugin
2024-12-14 09:50:44,343 [INFO] PluginManager:220 - loadIPPluginJar : add tsc
2024-12-14 09:50:44,366 [INFO] IPUIPlugin:80 - create IPUIPlugin
2024-12-14 09:50:44,366 [INFO] PluginManager:220 - loadIPPluginJar : add ucpd
2024-12-14 09:50:44,410 [INFO] IPUIPlugin:80 - create IPUIPlugin
2024-12-14 09:50:44,410 [INFO] PluginManager:220 - loadIPPluginJar : add usart
2024-12-14 09:50:44,452 [INFO] IPUIPlugin:80 - create IPUIPlugin
2024-12-14 09:50:44,452 [INFO] PluginManager:220 - loadIPPluginJar : add usbx
2024-12-14 09:50:44,575 [FATAL] Updater:351 - Updater called before beeing initialized
2024-12-14 09:50:45,035 [INFO] ThirdPartyUpdaterWithRetryManager:70 - Updater plugin not ready yet. [2/15]
2024-12-14 09:50:45,096 [INFO] RulesReader:64 - Compatibility file has been processed (297 Rules)
2024-12-14 09:50:45,103 [INFO] RulesReader:64 - Compatibility file has been processed (297 Rules)
2024-12-14 09:50:45,110 [INFO] CADModel:165 - CPN selected for project level
2024-12-14 09:50:45,110 [INFO] CADModel:114 - Register for checkConnection events
2024-12-14 09:50:45,110 [FATAL] Updater:351 - Updater called before beeing initialized
2024-12-14 09:50:45,110 [ERROR] CADModel:125 - Updater not yet initialized, retry later 
2024-12-14 09:50:45,246 [FATAL] Updater:351 - Updater called before beeing initialized
2024-12-14 09:50:45,247 [INFO] CADModel:165 - CPN selected for project level
2024-12-14 09:50:45,247 [INFO] CADModel:114 - Register for checkConnection events
2024-12-14 09:50:45,248 [FATAL] Updater:351 - Updater called before beeing initialized
2024-12-14 09:50:45,248 [ERROR] CADModel:125 - Updater not yet initialized, retry later 
2024-12-14 09:50:45,250 [FATAL] Updater:351 - Updater called before beeing initialized
2024-12-14 09:50:45,329 [FATAL] Updater:351 - Updater called before beeing initialized
2024-12-14 09:50:45,340 [INFO] DbMcusAds:53 - JSON generation date=Fri Sep 20 18:34:23 IST 2024 (1726837463113)
2024-12-14 09:50:45,341 [FATAL] Updater:351 - Updater called before beeing initialized
2024-12-14 09:50:45,378 [WARN] DetailPanel:346 - Failed to get advertising image, set to default
2024-12-14 09:50:45,574 [FATAL] Updater:351 - Updater called before beeing initialized
2024-12-14 09:50:45,576 [FATAL] Updater:351 - Updater called before beeing initialized
2024-12-14 09:50:45,577 [FATAL] Updater:351 - Updater called before beeing initialized
2024-12-14 09:50:45,577 [WARN] DetailPanel:346 - Failed to get advertising image, set to default
2024-12-14 09:50:45,577 [FATAL] Updater:351 - Updater called before beeing initialized
2024-12-14 09:50:45,638 [ERROR] Updater:1198 - MainUpdater not yet initialized. External WinMGr cannot be set.
2024-12-14 09:50:45,648 [INFO] Updater:1134 - Updater Version found : 6.13.0
2024-12-14 09:50:45,666 [INFO] ApplicationProperties:184 - Using Application install path: C:\ST\STM32CubeIDE_1.12.0\STM32CubeIDE\plugins\com.st.stm32cube.common.mx_6.13.0.202411220809
2024-12-14 09:50:46,113 [INFO] MainUpdater:2872 - connection check result : 10
2024-12-14 09:50:46,113 [INFO] MainUpdater:289 - Updater Check For Update Now.
2024-12-14 09:50:46,113 [INFO] MicroXplorer:498 - Change Database Version : DB.6.0.130
2024-12-14 09:50:46,127 [INFO] McuFinderGlobals:63 - Set McuFinder mode to 2 (CubeIDE integrated)
2024-12-14 09:50:46,134 [INFO] UserAuth:486 - Internet connection configuration mode: 1
2024-12-14 09:50:46,160 [INFO] JxBrowserEngine:152 - Initiate JxBrowser Engine with user profile folder
2024-12-14 09:50:46,332 [INFO] CheckServerUpdateThread:120 - End of CheckServer Thread
2024-12-14 09:50:47,378 [INFO] WebApp:168 - Instantiating new browser for Auth
2024-12-14 09:50:48,053 [INFO] WebApp:449 - Apply proxy settings
2024-12-14 09:50:48,054 [INFO] WebApp:534 - Chromium requires no authentication
2024-12-14 09:50:48,065 [INFO] WebApp:477 - Direct internet connection detected
2024-12-14 09:50:48,100 [INFO] WebApp:880 - Register for checkConnection events
2024-12-14 09:50:48,100 [INFO] WebApp:449 - Apply proxy settings
2024-12-14 09:50:48,100 [INFO] WebApp:534 - Chromium requires no authentication
2024-12-14 09:50:48,102 [INFO] WebApp:477 - Direct internet connection detected
2024-12-14 09:50:48,331 [WARN] PackLoader:240 - Cannot read IP mode file for STMicroelectronics.FP-SNS-MOTENVWB1.1.4.0
2024-12-14 09:50:48,348 [WARN] PackLoader:240 - Cannot read IP mode file for STMicroelectronics.FP-ATR-ASTRA1.2.0.1
2024-12-14 09:50:48,355 [INFO] WebApp:221 - Starting web application
2024-12-14 09:50:48,355 [INFO] WebApp:579 - Web application path used C:\ST\STM32CubeIDE_1.12.0\STM32CubeIDE\plugins\com.st.stm32cube.common.mx_6.13.0.202411220809\db\plugins\mcufinder\reactClient1\index.html
2024-12-14 09:50:48,462 [WARN] PackLoader:240 - Cannot read IP mode file for STMicroelectronics.X-CUBE-SMBUS.2.1.0
2024-12-14 09:50:48,478 [WARN] PackLoader:240 - Cannot read IP mode file for STMicroelectronics.X-CUBE-WB05N.1.1.0
2024-12-14 09:50:48,496 [WARN] PackLoader:240 - Cannot read IP mode file for STMicroelectronics.X-CUBE-TOUCHGFX.4.23.0
2024-12-14 09:50:48,512 [WARN] PackLoader:240 - Cannot read IP mode file for STMicroelectronics.X-CUBE-TOUCHGFX.4.23.2
2024-12-14 09:50:48,513 [INFO] UserAuth:486 - Internet connection configuration mode: 1
2024-12-14 09:50:48,561 [WARN] PackLoader:240 - Cannot read IP mode file for STMicroelectronics.X-CUBE-AZRTOS-F7.1.1.0
2024-12-14 09:50:48,589 [WARN] PackLoader:240 - Cannot read IP mode file for STMicroelectronics.FP-SNS-MOTENV1.4.3.2
2024-12-14 09:50:48,614 [ERROR] RealEvaluatedCondition:428 - Found unsupported composite condition: GROUP='STM32_MetaDataManager' CLASS='Data Exchange'
2024-12-14 09:50:48,615 [ERROR] RealEvaluatedCondition:428 - Found unsupported composite condition: GROUP='STM32_MetaDataManager' CLASS='Data Exchange'
2024-12-14 09:50:48,616 [WARN] PackLoader:240 - Cannot read IP mode file for STMicroelectronics.FP-SNS-MOTENV1.4.3.1
2024-12-14 09:50:48,647 [WARN] PackLoader:240 - Cannot read IP mode file for STMicroelectronics.FP-SNS-FLIGHT1.5.0.1
2024-12-14 09:50:48,668 [WARN] PackLoader:240 - Cannot read IP mode file for STMicroelectronics.X-CUBE-BLE1.6.2.3
2024-12-14 09:50:48,742 [WARN] PackLoader:240 - Cannot read IP mode file for STMicroelectronics.X-CUBE-MEMS1.11.0.0
2024-12-14 09:50:48,895 [WARN] PackLoader:240 - Cannot read IP mode file for STMicroelectronics.X-CUBE-BLE1.6.2.4
2024-12-14 09:50:48,910 [WARN] PackLoader:240 - Cannot read IP mode file for STMicroelectronics.FP-SNS-FLIGHT1.5.0.2
2024-12-14 09:50:48,932 [WARN] PackLoader:240 - Cannot read IP mode file for STMicroelectronics.X-CUBE-TOF1.3.1.0
2024-12-14 09:50:48,992 [WARN] PackLoader:240 - Cannot read IP mode file for STMicroelectronics.X-CUBE-DISPLAY.3.0.0
2024-12-14 09:50:49,021 [WARN] PackLoader:240 - Cannot read IP mode file for STMicroelectronics.X-CUBE-BLE1.7.0.0
2024-12-14 09:50:49,038 [WARN] PackLoader:240 - Cannot read IP mode file for STMicroelectronics.X-CUBE-NFC10.1.0.0
2024-12-14 09:50:49,062 [WARN] PackLoader:240 - Cannot read IP mode file for STMicroelectronics.X-CUBE-BLEMGR.4.0.0
2024-12-14 09:50:49,081 [WARN] PackLoader:240 - Cannot read IP mode file for STMicroelectronics.X-CUBE-TOUCHGFX.4.22.0
2024-12-14 09:50:49,222 [WARN] PackLoader:240 - Cannot read IP mode file for STMicroelectronics.X-CUBE-TOUCHGFX.4.22.1
2024-12-14 09:50:49,269 [WARN] PackLoader:240 - Cannot read IP mode file for STMicroelectronics.X-CUBE-MEMS1.9.3.0
2024-12-14 09:50:49,368 [WARN] PackLoader:240 - Cannot read IP mode file for STMicroelectronics.X-CUBE-AI.7.2.0
2024-12-14 09:50:49,387 [WARN] PackLoader:240 - Cannot read IP mode file for STMicroelectronics.X-CUBE-BLEMGR.3.1.0
2024-12-14 09:50:49,410 [WARN] PackLoader:240 - Cannot read IP mode file for STMicroelectronics.FP-SNS-SMARTAG2.1.2.0
2024-12-14 09:50:49,440 [INFO] LogOutputStream:77 - [STDOUT_REDIRECT] 1 : Invalid condition id : UX_CORESTACK_Condition cause : null
2024-12-14 09:50:49,442 [INFO] LogOutputStream:77 - [STDOUT_REDIRECT] 1 : Invalid condition id : UX_CORESTACK_Condition cause : null
2024-12-14 09:50:49,443 [INFO] LogOutputStream:77 - [STDOUT_REDIRECT] 1 : Invalid condition id : UX_CORESTACK_Condition cause : null
2024-12-14 09:50:49,445 [INFO] LogOutputStream:77 - [STDOUT_REDIRECT] 1 : Invalid condition id : UX_CORESTACK_Condition cause : null
2024-12-14 09:50:49,446 [INFO] LogOutputStream:77 - [STDOUT_REDIRECT] 1 : Invalid condition id : UX_CORESTACK_Condition cause : null
2024-12-14 09:50:49,449 [WARN] PackLoader:240 - Cannot read IP mode file for STMicroelectronics.X-CUBE-AZRTOS-WL.2.0.0
2024-12-14 09:50:49,470 [WARN] PackLoader:240 - Cannot read IP mode file for STMicroelectronics.FP-SNS-MOTENV1.5.0.0
2024-12-14 09:50:49,489 [WARN] PackLoader:240 - Cannot read IP mode file for wolfSSL.I-CUBE-wolfMQTT.1.19.0
2024-12-14 09:50:49,512 [WARN] PackLoader:240 - Cannot read IP mode file for WES.I-CUBE-Cesium.1.3.0
2024-12-14 09:50:49,535 [WARN] PackLoader:240 - Cannot read IP mode file for STMicroelectronics.X-CUBE-BLE2.3.3.0
2024-12-14 09:50:49,628 [WARN] PackLoader:240 - Cannot read IP mode file for STMicroelectronics.X-CUBE-DISPLAY.2.2.0
2024-12-14 09:50:49,659 [WARN] PackLoader:240 - Cannot read IP mode file for STMicroelectronics.X-CUBE-TOF1.3.2.0
2024-12-14 09:50:49,688 [WARN] PackLoader:240 - Cannot read IP mode file for STMicroelectronics.X-CUBE-ISPU.1.0.0
2024-12-14 09:50:49,715 [WARN] PackLoader:240 - Cannot read IP mode file for STMicroelectronics.X-CUBE-NFC9.1.0.0
2024-12-14 09:50:49,764 [WARN] PackLoader:240 - Cannot read IP mode file for STMicroelectronics.X-CUBE-AZRTOS-H7.2.1.0
2024-12-14 09:50:49,799 [WARN] PackLoader:240 - Cannot read IP mode file for STMicroelectronics.X-CUBE-TCPP.4.1.0
2024-12-14 09:50:49,832 [WARN] PackLoader:240 - Cannot read IP mode file for STMicroelectronics.X-CUBE-TOUCHGFX.4.21.0
2024-12-14 09:50:49,877 [WARN] PackLoader:240 - Cannot read IP mode file for STMicroelectronics.X-CUBE-TOUCHGFX.4.21.4
2024-12-14 09:50:49,945 [WARN] PackLoader:240 - Cannot read IP mode file for STMicroelectronics.X-CUBE-MEMS1.9.4.0
2024-12-14 09:50:50,032 [WARN] PackLoader:240 - Cannot read IP mode file for STMicroelectronics.X-CUBE-AI.7.3.0
2024-12-14 09:50:50,047 [WARN] PackLoader:240 - Cannot read IP mode file for STMicroelectronics.X-CUBE-ALGOBUILD.1.3.0
2024-12-14 09:50:50,074 [WARN] PackLoader:240 - Cannot read IP mode file for STMicroelectronics.X-CUBE-AZRTOS-G0.1.1.0
2024-12-14 09:50:50,096 [WARN] PackLoader:240 - Cannot read IP mode file for STMicroelectronics.X-CUBE-SAFEA1.1.2.2
2024-12-14 09:50:50,118 [WARN] PackLoader:240 - Cannot read IP mode file for STMicroelectronics.X-CUBE-NFC4.3.0.0
2024-12-14 09:50:50,158 [WARN] PackLoader:240 - Cannot read IP mode file for SEGGER.I-CUBE-embOS.1.2.0
2024-12-14 09:50:50,225 [WARN] PackLoader:240 - Cannot read IP mode file for SEGGER.I-CUBE-embOS.1.2.1
2024-12-14 09:50:50,265 [WARN] PackLoader:240 - Cannot read IP mode file for EmbeddedOffice.I-CUBE-FS-RTOS.1.0.1
2024-12-14 09:50:50,286 [WARN] PackLoader:240 - Cannot read IP mode file for STMicroelectronics.X-CUBE-BLEMGR.3.0.0
2024-12-14 09:50:50,305 [WARN] PackLoader:240 - Cannot read IP mode file for STMicroelectronics.X-CUBE-BLEMGR.1.3.0
2024-12-14 09:50:50,320 [WARN] PackLoader:240 - Cannot read IP mode file for STMicroelectronics.X-CUBE-TCPP.4.2.0
2024-12-14 09:50:50,345 [WARN] PackLoader:240 - Cannot read IP mode file for RealThread.X-CUBE-RT-Thread_Nano.4.1.1
2024-12-14 09:50:50,365 [WARN] PackLoader:240 - Cannot read IP mode file for STMicroelectronics.FP-ATR-SIGFOX1.3.2.0
2024-12-14 09:50:50,385 [WARN] ConditionMgr:438 - getConditionDescription Invalid condition id : Cortex-A Device cause : null
2024-12-14 09:50:50,415 [WARN] ConditionMgr:1044 - genDependencies : Invalid condition id : Cortex-A Device cause : null
2024-12-14 09:50:50,416 [WARN] ConditionMgr:1044 - genDependencies : Invalid condition id : Cortex-A Device cause : null
2024-12-14 09:50:50,416 [WARN] ConditionMgr:1044 - genDependencies : Invalid condition id : Cortex-A Device cause : null
2024-12-14 09:50:50,426 [INFO] WebApp:187 - Connection restablished
2024-12-14 09:50:50,517 [WARN] PackLoader:240 - Cannot read IP mode file for STMicroelectronics.X-CUBE-EEPRMA1.5.1.0
2024-12-14 09:50:50,544 [WARN] PackLoader:240 - Cannot read IP mode file for emotas.I-CUBE-CANOPEN.1.1.2
2024-12-14 09:50:50,575 [WARN] PackLoader:240 - Cannot read IP mode file for STMicroelectronics.X-CUBE-TOUCHGFX.4.20.0
2024-12-14 09:50:50,702 [WARN] PackLoader:240 - Cannot read IP mode file for SEGGER.I-CUBE-embOS.1.3.1
2024-12-14 09:50:50,753 [WARN] PackLoader:240 - Cannot read IP mode file for STMicroelectronics.X-CUBE-ALGOBUILD.1.4.0
2024-12-14 09:50:50,784 [WARN] PackLoader:240 - Cannot read IP mode file for STMicroelectronics.X-CUBE-AI.9.1.0
2024-12-14 09:50:50,818 [WARN] PackLoader:240 - Cannot read IP mode file for STMicroelectronics.X-CUBE-GNSS1.6.0.0
2024-12-14 09:50:50,858 [WARN] PackLoader:240 - Cannot read IP mode file for STMicroelectronics.X-CUBE-AZRTOS-F4.1.1.0
2024-12-14 09:50:50,887 [WARN] PackLoader:240 - Cannot read IP mode file for STMicroelectronics.X-CUBE-ISPU.2.1.0
2024-12-14 09:50:50,910 [WARN] PackLoader:240 - Cannot read IP mode file for STMicroelectronics.X-CUBE-FREERTOS.1.2.0
2024-12-14 09:50:50,933 [WARN] PackLoader:240 - Cannot read IP mode file for STMicroelectronics.X-CUBE-BLEMGR.1.2.0
2024-12-14 09:50:50,973 [WARN] PackLoader:240 - Cannot read IP mode file for STMicroelectronics.X-CUBE-AZRTOS-L5.2.0.0
2024-12-14 09:50:51,035 [WARN] PackLoader:240 - Cannot read IP mode file for STMicroelectronics.X-CUBE-MEMS1.9.6.0
2024-12-14 09:50:51,144 [WARN] PackLoader:240 - Cannot read IP mode file for STMicroelectronics.X-CUBE-EEPRMA1.4.2.0
2024-12-14 09:50:51,161 [WARN] PackLoader:240 - Cannot read IP mode file for STMicroelectronics.X-CUBE-NFC6.3.1.0
2024-12-14 09:50:51,179 [WARN] PackLoader:240 - Cannot read IP mode file for ITTIA_DB.I-CUBE-ITTIADB.8.8.0
2024-12-14 09:50:51,196 [WARN] PackLoader:240 - Cannot read IP mode file for STMicroelectronics.X-CUBE-BLEMGR.2.0.0
2024-12-14 09:50:51,209 [WARN] PackLoader:240 - Cannot read IP mode file for STMicroelectronics.X-CUBE-DPower.1.2.0
2024-12-14 09:50:51,225 [WARN] PackLoader:240 - Cannot read IP mode file for STMicroelectronics.X-CUBE-NFC4.2.0.5
2024-12-14 09:50:51,239 [WARN] PackLoader:240 - Cannot read IP mode file for STMicroelectronics.X-CUBE-NFC4.2.0.4
2024-12-14 09:50:51,254 [WARN] PackLoader:240 - Cannot read IP mode file for STMicroelectronics.X-CUBE-AI.9.0.0
2024-12-14 09:50:51,276 [WARN] ConditionMgr:438 - getConditionDescription Invalid condition id : UX DEVICE CLASS RTOS Condition cause : null
2024-12-14 09:50:51,276 [WARN] ConditionMgr:438 - getConditionDescription Invalid condition id : UX DEVICE CLASS RTOS Condition cause : null
2024-12-14 09:50:51,279 [WARN] PackLoader:240 - Cannot read IP mode file for STMicroelectronics.X-CUBE-AZRTOS-H7.3.1.0
2024-12-14 09:50:51,279 [WARN] ConditionMgr:1044 - genDependencies : Invalid condition id : UX DEVICE CLASS RTOS Condition cause : null
2024-12-14 09:50:51,279 [WARN] ConditionMgr:1044 - genDependencies : Invalid condition id : UX DEVICE CLASS RTOS Condition cause : null
2024-12-14 09:50:51,280 [WARN] ConditionMgr:1044 - genDependencies : Invalid condition id : UX DEVICE CLASS RTOS Condition cause : null
2024-12-14 09:50:51,280 [WARN] ConditionMgr:1044 - genDependencies : Invalid condition id : UX DEVICE CLASS RTOS Condition cause : null
2024-12-14 09:50:51,280 [WARN] ConditionMgr:1044 - genDependencies : Invalid condition id : UX DEVICE CLASS RTOS Condition cause : null
2024-12-14 09:50:51,293 [WARN] PackLoader:240 - Cannot read IP mode file for wolfSSL.I-CUBE-wolfSSL.5.5.1
2024-12-14 09:50:51,305 [WARN] PackLoader:240 - Cannot read IP mode file for wolfSSL.I-CUBE-wolfSSL.5.5.0
2024-12-14 09:50:51,318 [WARN] PackLoader:240 - Cannot read IP mode file for STMicroelectronics.X-CUBE-FREERTOS.1.3.0
2024-12-14 09:50:51,333 [WARN] PackLoader:240 - Cannot read IP mode file for STMicroelectronics.X-CUBE-NFC7.1.0.1
2024-12-14 09:50:51,347 [WARN] PackLoader:240 - Cannot read IP mode file for STMicroelectronics.X-CUBE-NFC7.1.0.0
2024-12-14 09:50:51,364 [WARN] PackLoader:240 - Cannot read IP mode file for STMicroelectronics.X-CUBE-NFC6.3.0.0
2024-12-14 09:50:51,379 [WARN] PackLoader:240 - Cannot read IP mode file for STMicroelectronics.X-CUBE-EEPRMA1.4.1.0
2024-12-14 09:50:51,394 [WARN] PackLoader:240 - Cannot read IP mode file for STMicroelectronics.X-CUBE-AI.8.1.0
2024-12-14 09:50:51,431 [WARN] ConditionMgr:438 - getConditionDescription Invalid condition id : LAN8742 Phy interface Condition cause : null
2024-12-14 09:50:51,432 [WARN] PackLoader:240 - Cannot read IP mode file for STMicroelectronics.X-CUBE-AZRTOS-L4.2.0.0
2024-12-14 09:50:51,433 [WARN] ConditionMgr:1044 - genDependencies : Invalid condition id : LAN8742 Phy interface Condition cause : null
2024-12-14 09:50:51,433 [WARN] ConditionMgr:1044 - genDependencies : Invalid condition id : LAN8742 Phy interface Condition cause : null
2024-12-14 09:50:51,434 [WARN] ConditionMgr:1044 - genDependencies : Invalid condition id : LAN8742 Phy interface Condition cause : null
2024-12-14 09:50:51,450 [WARN] PackLoader:240 - Cannot read IP mode file for STMicroelectronics.X-CUBE-SFXS2LP1.4.0.0
2024-12-14 09:50:51,477 [WARN] PackLoader:240 - Cannot read IP mode file for STMicroelectronics.X-CUBE-AZRTOS-H7.3.0.0
2024-12-14 09:50:51,491 [WARN] PackLoader:240 - Cannot read IP mode file for STMicroelectronics.X-CUBE-ISPU.1.1.0
2024-12-14 09:50:51,517 [WARN] PackLoader:240 - Cannot read IP mode file for STMicroelectronics.X-CUBE-AZRTOS-H7.3.3.0
2024-12-14 09:50:51,536 [WARN] PackLoader:240 - Cannot read IP mode file for RoweBots.I-CUBE-UNISONRTOS.5.5.0-4
2024-12-14 09:50:51,551 [WARN] PackLoader:240 - Cannot read IP mode file for wolfSSL.I-CUBE-wolfSSL.5.4.0
2024-12-14 09:50:51,572 [WARN] PackLoader:240 - Cannot read IP mode file for STMicroelectronics.X-CUBE-IPS.3.0.0
2024-12-14 09:50:51,599 [WARN] ConditionMgr:438 - getConditionDescription Invalid condition id : UX DEVICE CLASS RTOS Condition cause : null
2024-12-14 09:50:51,599 [WARN] ConditionMgr:438 - getConditionDescription Invalid condition id : UX DEVICE CLASS RTOS Condition cause : null
2024-12-14 09:50:51,600 [WARN] PackLoader:240 - Cannot read IP mode file for STMicroelectronics.X-CUBE-AZRTOS-WB.2.0.0
2024-12-14 09:50:51,600 [WARN] ConditionMgr:1044 - genDependencies : Invalid condition id : UX DEVICE CLASS RTOS Condition cause : null
2024-12-14 09:50:51,600 [WARN] ConditionMgr:1044 - genDependencies : Invalid condition id : UX DEVICE CLASS RTOS Condition cause : null
2024-12-14 09:50:51,600 [WARN] ConditionMgr:1044 - genDependencies : Invalid condition id : UX DEVICE CLASS RTOS Condition cause : null
2024-12-14 09:50:51,600 [WARN] ConditionMgr:1044 - genDependencies : Invalid condition id : UX DEVICE CLASS RTOS Condition cause : null
2024-12-14 09:50:51,600 [WARN] ConditionMgr:1044 - genDependencies : Invalid condition id : UX DEVICE CLASS RTOS Condition cause : null
2024-12-14 09:50:51,614 [WARN] PackLoader:240 - Cannot read IP mode file for STMicroelectronics.X-CUBE-FREERTOS.1.0.1
2024-12-14 09:50:51,630 [WARN] PackLoader:240 - Cannot read IP mode file for STMicroelectronics.X-CUBE-GNSS1.7.0.0
2024-12-14 09:50:51,645 [WARN] PackLoader:240 - Cannot read IP mode file for STMicroelectronics.X-CUBE-BLEMGR.1.0.0
2024-12-14 09:50:51,665 [WARN] PackLoader:240 - Cannot read IP mode file for STMicroelectronics.FP-SNS-STBOX1.2.0.0
2024-12-14 09:50:51,696 [WARN] PackLoader:240 - Cannot read IP mode file for STMicroelectronics.X-CUBE-AZRTOS-L5.1.1.0
2024-12-14 09:50:51,712 [WARN] PackLoader:240 - Cannot read IP mode file for STMicroelectronics.X-CUBE-AI.8.0.1
2024-12-14 09:50:51,732 [WARN] PackLoader:240 - Cannot read IP mode file for STMicroelectronics.X-CUBE-SUBG2.5.0.0
2024-12-14 09:50:51,758 [WARN] PackLoader:240 - Cannot read IP mode file for Cesanta.I-CUBE-Mongoose.7.13.0
2024-12-14 09:50:51,780 [WARN] PackLoader:240 - Cannot read IP mode file for STMicroelectronics.X-CUBE-TOF1.3.3.1
2024-12-14 09:50:51,811 [WARN] PackLoader:240 - Cannot read IP mode file for STMicroelectronics.X-CUBE-AZRTOS-G4.2.0.0
2024-12-14 09:50:51,838 [WARN] PackLoader:240 - Cannot read IP mode file for STMicroelectronics.X-CUBE-TOF1.3.3.0
2024-12-14 09:50:51,855 [WARN] PackLoader:240 - Cannot read IP mode file for STMicroelectronics.FP-ATR-ASTRA1.1.1.1
2024-12-14 09:50:51,888 [WARN] PackLoader:240 - Cannot read IP mode file for Infineon.AIROC-Wi-Fi-Bluetooth-STM32.1.5.1
2024-12-14 09:50:51,904 [WARN] PackLoader:240 - Cannot read IP mode file for STMicroelectronics.FP-ATR-ASTRA1.1.1.0
2024-12-14 09:50:51,919 [WARN] PackLoader:240 - Cannot read IP mode file for STMicroelectronics.FP-SNS-MOTENVWB1.1.3.0
2024-12-14 09:50:51,937 [WARN] PackLoader:240 - Cannot read IP mode file for STMicroelectronics.FP-SNS-MOTENVWB1.1.3.1
2024-12-14 09:50:51,960 [WARN] PackLoader:240 - Cannot read IP mode file for STMicroelectronics.X-CUBE-AZRTOS-G4.1.0.0
2024-12-14 09:50:51,990 [WARN] PackLoader:240 - Cannot read IP mode file for STMicroelectronics.X-CUBE-AZRTOS-L4.1.0.0
2024-12-14 09:50:52,006 [WARN] PackLoader:240 - Cannot read IP mode file for STMicroelectronics.X-CUBE-ISPU.2.0.0
2024-12-14 09:50:52,020 [WARN] PackLoader:240 - Cannot read IP mode file for STMicroelectronics.X-CUBE-ALS.1.0.2
2024-12-14 09:50:52,058 [WARN] PackLoader:240 - Cannot read IP mode file for STMicroelectronics.X-CUBE-MEMS1.10.0.0
2024-12-14 09:50:52,127 [WARN] PackLoader:240 - Cannot read IP mode file for STMicroelectronics.X-CUBE-FREERTOS.1.1.0
2024-12-14 09:50:52,148 [WARN] PackLoader:240 - Cannot read IP mode file for STMicroelectronics.X-CUBE-AZRTOS-WL.1.0.0
2024-12-14 09:50:52,165 [WARN] PackLoader:240 - Cannot read IP mode file for STMicroelectronics.X-CUBE-TOUCHGFX.4.24.1
2024-12-14 09:50:52,183 [WARN] PackLoader:240 - Cannot read IP mode file for wolfSSL.I-CUBE-wolfTPM.3.4.0
2024-12-14 09:50:52,202 [WARN] PackLoader:240 - Cannot read IP mode file for portGmbH.I-Cube-SoM-uGOAL.1.1.0
2024-12-14 09:50:52,217 [WARN] PackLoader:240 - Cannot read IP mode file for STMicroelectronics.X-CUBE-ALS.1.0.1
2024-12-14 09:50:52,240 [WARN] PackLoader:240 - Cannot read IP mode file for STMicroelectronics.X-CUBE-AZRTOS-WB.1.1.0
2024-12-14 09:50:52,266 [WARN] PackLoader:240 - Cannot read IP mode file for STMicroelectronics.X-CUBE-AZRTOS-L5.1.0.0
2024-12-14 09:50:52,283 [WARN] PackLoader:240 - Cannot read IP mode file for STMicroelectronics.X-CUBE-EEPRMA1.3.1.1
2024-12-14 09:50:52,311 [WARN] PackLoader:240 - Cannot read IP mode file for STMicroelectronics.X-CUBE-AZRTOS-H7RS.1.0.0
2024-12-14 09:50:52,327 [WARN] PackLoader:240 - Cannot read IP mode file for STMicroelectronics.FP-ATR-ASTRA1.2.0.0
2024-12-14 09:50:52,344 [WARN] PackLoader:240 - Cannot read IP mode file for STMicroelectronics.X-CUBE-TOF1.3.4.2
2024-12-14 09:50:52,367 [WARN] PackLoader:240 - Cannot read IP mode file for STMicroelectronics.X-CUBE-TOF1.3.4.0
2024-12-14 09:50:52,389 [WARN] PackLoader:240 - Cannot read IP mode file for STMicroelectronics.X-CUBE-TOF1.3.4.1
2024-12-14 09:50:52,419 [WARN] PackLoader:240 - Cannot read IP mode file for STMicroelectronics.X-CUBE-AZRTOS-H7.3.2.0
2024-12-14 09:50:52,433 [WARN] PackLoader:240 - Cannot read IP mode file for wolfSSL.I-CUBE-wolfSSH.1.4.17
2024-12-14 09:50:52,434 [INFO] ThirdParty:978 - Integrity check success = true
2024-12-14 09:50:52,434 [INFO] IntegrityCheckThread:100 - exiting critical section [integrity check]
2024-12-14 09:50:52,434 [INFO] IntegrityCheckThread:103 - End integrity checks thread
2024-12-14 09:51:15,406 [INFO] WebApp:190 - Connection lost
2024-12-14 09:51:15,609 [INFO] WebApp:187 - Connection restablished
2024-12-14 10:04:21,355 [ERROR] LogOutputStream:75 - [STDERR_REDIRECT] 
